[2021-01-26 20:26:54.729017]: Session started.
[2021-01-26 20:27:01.747738]: Session started.
[2021-01-26 20:27:06.111134]: Force exit.
[2021-01-26 20:31:36.063868]: Session started.
[2021-01-26 20:33:16.804386]: Session started.
[2021-01-26 20:33:44.424818]: Session started.
[2021-01-28 12:42:45.170916]: Session started.
[2021-01-28 15:27:04.074490]: Session started.
[2021-01-28 15:57:26.534679]: Unhandled option.
[2021-01-28 15:58:00.620290]: Unhandled option.
[2021-01-28 15:58:12.774637]: Session started.
[2021-01-28 16:19:42.350315]: Session started.
[2021-01-28 16:21:48.398876]: Session ended.
[2021-01-28 16:21:51.748114]: Session started.
[2021-01-28 16:22:12.997079]: Session ended.
[2021-01-28 16:22:15.491931]: Session started.
[2021-01-28 16:22:44.817161]: Session ended.
[2021-01-28 16:22:47.536323]: Session started.
[2021-01-28 16:25:25.968680]: Session ended.
[2021-01-28 16:25:35.328608]: Session started.
[2021-01-28 16:25:46.759916]: Session ended.
[2021-01-28 16:25:51.423112]: Session started.
[2021-01-28 16:26:58.082871]: Session started.
[2021-01-28 16:27:00.590767]: Session ended.
[2021-01-28 16:27:07.153255]: Session started.
[2021-01-28 16:27:12.584498]: Session ended.
[2021-01-28 16:27:17.707228]: Session started.
[2021-01-28 16:27:22.482224]: Session ended.
[2021-01-28 16:27:25.129521]: Session started.
[2021-01-28 16:27:55.099872]: Session started.
[2021-01-28 16:28:05.148080]: Session started.
[2021-01-28 16:37:27.602740]: Session ended.
[2021-01-28 16:38:35.377282]: Session started.
[2021-01-28 16:38:40.370657]: Session ended.
[2021-01-28 16:38:42.808761]: Session started.
[2021-01-28 16:38:45.452621]: Session ended.
[2021-01-28 17:46:23.386671]: Session started.
[2021-01-28 17:46:28.360927]: Session ended.
[2021-01-28 17:46:34.523640]: Session started.
[2021-01-28 17:46:37.854252]: Session ended.
[2021-01-28 17:46:54.122866]: Session started.
[2021-01-28 17:46:56.133119]: Session ended.
[2021-01-28 17:48:10.657713]: Session started.
[2021-01-28 17:48:37.461134]: Session ended.
[2021-01-28 17:50:00.599366]: Session started.
[2021-01-28 17:50:02.706915]: Session ended.
[2021-01-28 17:50:07.576289]: Session started.
[2021-01-28 17:50:09.510765]: Session started.
[2021-01-28 17:50:10.908410]: Session ended.
[2021-01-28 17:50:12.730015]: Session started.
[2021-01-28 17:50:14.780915]: Session ended.
[2021-01-28 17:50:32.344926]: Session started.
[2021-01-28 17:50:36.689962]: Session ended.
[2021-01-28 17:50:39.850138]: Session started.
[2021-01-28 17:50:48.243819]: Session ended.
[2021-01-28 17:51:35.178812]: Unhandled option.
[2021-01-28 17:51:41.190963]: Session started.
[2021-01-28 17:51:44.707777]: Session ended.
[2021-01-28 17:54:52.708576]: Session started.
[2021-01-28 17:54:57.809228]: Session ended.
[2021-01-28 18:00:04.608950]: Session started.
[2021-01-28 18:00:09.739174]: Session ended.
[2021-01-28 18:08:58.491344]: Session started.
[2021-01-28 18:09:28.081406]: Session started.
[2021-01-28 18:14:45.705917]: Session started.
[2021-01-28 18:15:09.741430]: Session started.
[2021-01-28 18:16:24.728680]: Session ended.
[2021-01-28 18:16:33.786487]: Session started.
[2021-01-28 18:16:39.773016]: Session ended.
[2021-01-28 18:17:17.047829]: Session started.
[2021-01-28 18:17:22.451368]: Session ended.
[2021-01-28 18:17:53.953948]: Session started.
[2021-01-28 18:18:18.677954]: Session ended.
[2021-01-28 18:18:18.960919]: Session started.
[2021-01-28 18:18:22.737122]: Session ended.
[2021-01-28 18:19:49.800617]: Session started.
[2021-01-28 18:20:29.260096]: Session started.
[2021-01-28 18:26:20.580746]: Session started.
[2021-01-28 18:26:47.547930]: Session started.
[2021-01-28 18:26:52.182970]: Session ended.
[2021-01-28 18:27:12.403112]: Session started.
[2021-01-28 18:28:51.958750]: Session ended.
[2021-01-28 18:28:58.365273]: Session started.
[2021-01-28 18:29:56.298651]: Session ended.
[2021-01-28 18:30:01.237304]: Session started.
[2021-01-28 18:30:06.155756]: Session ended.
[2021-01-28 18:30:28.089066]: Session started.
[2021-01-28 18:30:43.475053]: Session ended.
[2021-01-28 18:30:45.751678]: Session started.
[2021-01-28 18:31:18.814185]: Session ended.
[2021-01-28 18:31:21.280932]: Session started.
[2021-01-28 18:33:02.612573]: Session started.
[2021-01-28 18:33:53.054104]: Session started.
[2021-01-28 18:34:44.264888]: Session ended.
[2021-01-28 18:34:46.632826]: Session started.
[2021-01-28 18:35:15.732942]: Session started.
[2021-01-28 18:36:11.363432]: Session started.
[2021-01-28 18:36:48.272822]: Session started.
[2021-01-28 18:37:04.654406]: Session ended.
[2021-01-28 18:37:06.839247]: Session started.
[2021-01-28 18:37:16.983916]: Session ended.
[2021-01-28 18:37:19.345355]: Session started.
[2021-01-28 18:38:04.408466]: Session ended.
[2021-01-28 18:38:06.950529]: Session started.
[2021-01-28 18:38:34.553110]: Session ended.
[2021-01-28 18:38:37.171905]: Session started.
[2021-01-28 18:39:15.623415]: Session started.
[2021-01-28 18:40:39.896203]: Session started.
[2021-01-28 18:42:58.713654]: Session started.
[2021-01-28 18:43:10.015552]: Session started.
[2021-01-28 18:43:36.612681]: Session started.
[2021-01-28 18:43:55.890302]: Session started.
[2021-01-28 18:45:03.766624]: Session started.
[2021-01-28 18:46:01.220671]: Session ended.
[2021-01-28 18:46:07.472257]: Session started.
[2021-01-28 18:48:40.005851]: Session ended.
[2021-01-28 18:48:43.136382]: Session started.
[2021-01-28 18:49:03.483506]: Session ended.
[2021-01-28 18:49:13.268687]: Session started.
[2021-01-28 18:52:01.854791]: Session ended.
[2021-01-28 18:52:05.070550]: Session started.
[2021-01-28 18:54:00.523861]: Session ended.
[2021-01-28 18:54:03.368570]: Session started.
[2021-01-28 18:54:23.816209]: Session ended.
[2021-01-28 18:54:26.018024]: Session started.
[2021-01-28 18:55:07.627874]: Session ended.
[2021-01-28 18:55:09.798622]: Session started.
[2021-01-28 18:58:22.375709]: Session ended.
[2021-01-28 18:58:24.623756]: Session started.
[2021-01-28 18:59:04.858075]: Session ended.
[2021-01-28 18:59:12.922993]: Session started.
[2021-01-28 19:00:10.717077]: Session started.
[2021-01-28 19:00:12.777943]: Session started.
[2021-01-28 19:02:55.808657]: Session ended.
[2021-01-28 19:02:58.575607]: Session started.
[2021-01-28 19:03:25.232311]: Session ended.
[2021-01-28 19:03:27.407552]: Session started.
[2021-01-28 19:03:44.606812]: Session ended.
[2021-01-28 19:03:47.018827]: Session started.
[2021-01-28 19:05:26.252211]: Session ended.
[2021-01-28 19:05:29.399256]: Session started.
[2021-01-28 19:08:03.334764]: Session ended.
[2021-01-28 19:08:06.279081]: Session started.
[2021-01-28 19:08:16.333300]: Session ended.
[2021-01-28 19:08:18.851278]: Session started.
[2021-01-28 19:08:33.789557]: Session ended.
[2021-01-28 19:08:36.349670]: Session started.
[2021-01-28 19:09:01.203595]: Session ended.
[2021-01-28 19:09:03.682904]: Session started.
[2021-01-28 19:09:29.602228]: Session ended.
[2021-01-28 19:10:10.483528]: Session started.
[2021-01-28 19:10:49.103389]: Session ended.
[2021-01-28 19:10:51.374544]: Session started.
[2021-01-28 19:11:06.049468]: Session ended.
[2021-01-28 19:12:03.440985]: Session started.
[2021-01-28 19:12:14.933587]: Session ended.
[2021-01-28 19:13:45.333594]: Session started.
[2021-01-28 19:14:09.154437]: Session ended.
[2021-01-28 19:14:12.057194]: Session started.
[2021-01-28 19:14:13.574287]: Session ended.
[2021-01-28 19:14:17.788975]: Session started.
[2021-01-28 19:14:18.220926]: Session ended.
[2021-01-28 19:14:37.214939]: Session started.
[2021-01-28 19:15:00.713369]: Session ended.
[2021-01-28 19:15:14.266380]: Session started.
[2021-01-28 19:15:29.075033]: Session ended.
[2021-01-28 19:15:31.234722]: Session started.
[2021-01-28 19:15:53.763924]: Session ended.
[2021-01-28 19:15:55.951739]: Session started.
[2021-01-28 19:16:25.604733]: Session ended.
[2021-01-28 19:16:36.794973]: Session started.
[2021-01-28 19:16:41.863490]: Session ended.
[2021-01-28 19:16:46.116691]: Session started.
[2021-01-28 19:16:51.163026]: Session ended.
[2021-01-28 19:17:23.530579]: Session started.
[2021-01-28 19:17:30.955501]: Session ended.
[2021-01-28 19:17:33.120742]: Session started.
[2021-01-28 19:17:37.564124]: Session ended.
[2021-01-28 19:18:22.809531]: Session started.
[2021-01-28 19:18:43.887345]: Session ended.
[2021-01-28 19:18:46.028603]: Session started.
[2021-01-28 19:18:51.346987]: Session ended.
[2021-01-28 19:19:05.643569]: Session started.
[2021-01-28 19:20:02.113704]: Session ended.
[2021-01-28 19:20:04.799244]: Session started.
[2021-01-28 19:20:22.119432]: Session ended.
[2021-01-28 19:20:25.157033]: Session started.
[2021-01-28 19:20:32.107863]: Session ended.
[2021-01-28 19:20:41.549930]: Session started.
[2021-01-28 19:21:26.448977]: Session ended.
[2021-01-28 19:21:29.865499]: Session started.
[2021-01-28 19:22:39.028641]: Session ended.
[2021-01-28 19:22:40.794575]: Session started.
[2021-01-28 19:23:21.211777]: Session ended.
[2021-01-28 19:23:22.944073]: Session started.
[2021-01-28 19:28:50.982101]: Session started.
[2021-01-28 19:29:41.038650]: Session started.
[2021-01-28 19:30:32.539608]: Session ended.
[2021-01-28 19:30:36.806472]: Session started.
[2021-01-28 19:31:16.537719]: Session ended.
[2021-01-28 19:31:18.872545]: Session started.
[2021-01-28 19:31:31.771853]: Session ended.
[2021-01-28 19:31:33.792703]: Session started.
[2021-01-28 19:31:44.479676]: Session ended.
[2021-01-28 19:32:22.232369]: Session started.
[2021-01-28 19:32:26.416954]: Session ended.
[2021-01-28 19:36:18.497284]: Session started.
[2021-01-28 19:36:23.333475]: Session ended.
[2021-01-28 19:37:16.435261]: Session started.
[2021-01-28 19:37:39.820139]: Session ended.
[2021-01-28 19:37:41.956388]: Session started.
[2021-01-28 19:37:51.269571]: Session ended.
[2021-01-28 19:37:53.442380]: Session started.
[2021-01-28 19:38:02.943816]: Session ended.
[2021-01-28 19:38:12.635823]: Session started.
[2021-01-28 19:38:18.463822]: Session ended.
[2021-01-28 19:38:20.734928]: Session started.
[2021-01-28 19:39:12.673839]: Session ended.
[2021-01-28 19:39:14.889285]: Session started.
[2021-01-28 19:41:45.335079]: Session started.
[2021-01-28 19:42:08.207442]: Session ended.
[2021-01-28 19:42:10.656179]: Session started.
[2021-01-28 19:42:54.655148]: Session ended.
[2021-01-28 19:42:59.490900]: Session started.
[2021-01-28 19:43:05.169101]: Session ended.
[2021-01-28 19:43:07.609288]: Session started.
[2021-01-28 19:43:33.747278]: Session ended.
[2021-01-28 19:43:39.096267]: Session started.
[2021-01-28 19:43:49.464663]: Session ended.
[2021-01-28 19:45:45.490232]: Session started.
[2021-01-28 19:45:51.177843]: Session ended.
[2021-01-28 19:49:03.133037]: Session started.
[2021-01-28 19:49:11.863883]: Session ended.
[2021-01-28 19:49:14.043701]: Session started.
[2021-01-28 19:49:37.325245]: Session ended.
[2021-01-28 19:49:39.830599]: Session started.
[2021-01-28 19:50:41.808933]: Session ended.
[2021-01-28 19:50:47.674589]: Session started.
[2021-01-28 19:51:11.658619]: Session ended.
[2021-01-28 19:51:14.033594]: Session started.
[2021-01-28 19:51:48.212175]: Session ended.
[2021-01-28 19:53:06.482682]: Session started.
[2021-01-28 19:53:18.435555]: Session ended.
[2021-01-28 19:54:19.463240]: Session started.
[2021-01-28 19:54:45.835249]: Session ended.
[2021-01-28 19:54:48.657205]: Session started.
[2021-01-28 19:54:59.988528]: Session ended.
[2021-01-28 19:55:04.098619]: Session started.
[2021-01-28 19:55:07.696630]: Session started.
[2021-01-28 19:55:16.880421]: Session ended.
[2021-01-28 19:55:23.272252]: Unhandled option.
[2021-01-28 19:55:52.108856]: Session started.
[2021-01-28 19:55:56.494165]: Session ended.
[2021-01-28 19:56:00.038585]: Session started.
[2021-01-28 19:56:09.714147]: Session ended.
[2021-01-28 21:59:24.942480]: Session started.
[2021-01-28 21:59:51.629824]: Session ended.
[2021-01-28 21:59:55.883567]: Session started.
[2021-01-28 22:00:15.297719]: Session ended.
[2021-01-28 22:10:16.375223]: Session started.
[2021-01-28 22:10:36.122197]: Session ended.
[2021-01-28 22:10:38.063577]: Session started.
[2021-01-28 22:10:51.383863]: Session ended.
[2021-01-28 22:10:53.723709]: Session started.
[2021-01-28 22:10:56.466414]: Session ended.
[2021-01-28 22:11:45.639171]: Session started.
[2021-01-28 22:11:58.113847]: Session ended.
[2021-01-28 22:14:03.140314]: Session started.
[2021-01-28 22:14:09.934083]: Session ended.
[2021-01-28 22:14:12.103277]: Session started.
[2021-01-28 22:14:17.163819]: Session ended.
[2021-01-28 22:14:40.071188]: Session started.
[2021-01-28 22:14:45.360697]: Session ended.
[2021-01-28 22:25:47.515206]: Session started.
[2021-01-28 22:25:50.090010]: Engine waking...
[2021-01-28 22:25:50.296194]: Engine awake
[2021-01-28 22:25:52.485017]: Session ended.
[2021-01-28 22:25:55.201080]: Session started.
[2021-01-28 22:25:59.492145]: Engine waking...
[2021-01-28 22:25:59.701906]: Engine awake
[2021-01-28 22:26:57.624950]: Session ended.
[2021-01-28 22:26:58.063433]: Session started.
[2021-01-28 22:27:02.477252]: Engine waking...
[2021-01-28 22:27:02.683983]: Engine awake
[2021-01-28 22:27:04.540239]: Session ended.
[2021-01-28 22:27:06.938328]: Session started.
[2021-01-28 22:27:10.607668]: Engine waking...
[2021-01-28 22:27:10.813854]: Engine awake
[2021-01-28 22:27:13.556209]: Session ended.
[2021-01-28 22:27:32.019689]: Session started.
[2021-01-28 22:27:35.318276]: Engine waking...
[2021-01-28 22:28:26.414374]: Engine awake
[2021-01-28 22:28:32.168610]: Session ended.
[2021-01-28 22:28:34.542557]: Session started.
[2021-01-28 22:28:38.831950]: Engine waking...
[2021-01-28 22:46:57.889893]: Engine awake
[2021-01-28 22:47:02.861007]: Session ended.
[2021-01-28 22:47:05.988465]: Session started.
[2021-01-28 22:47:10.512171]: Engine waking...
[2021-01-28 22:47:35.531983]: Engine awake
[2021-01-28 22:47:46.200712]: Session ended.
[2021-01-28 22:47:48.385083]: Session started.
[2021-01-28 22:47:52.249055]: Engine waking...
[2021-01-28 22:48:07.547218]: Session ended.
[2021-01-28 22:48:09.954278]: Session started.
[2021-01-28 22:48:12.801934]: Engine waking...
[2021-01-28 22:49:10.188103]: Session ended.
[2021-01-28 22:49:13.250832]: Session started.
[2021-01-28 22:49:15.925836]: Engine waking...
[2021-01-28 22:49:31.259216]: Session ended.
[2021-01-28 22:49:33.734987]: Session started.
[2021-01-28 22:49:36.410410]: Engine waking...
[2021-01-28 22:51:58.093447]: Engine awake
[2021-01-28 22:52:01.191345]: Session ended.
[2021-01-28 22:52:04.057003]: Session started.
[2021-01-28 22:52:06.964205]: Engine waking...
[2021-01-28 22:53:44.421405]: Engine awake
[2021-01-28 22:54:00.940928]: Session ended.
[2021-01-28 22:54:06.789551]: Session started.
[2021-01-28 22:54:10.408611]: Engine waking...
[2021-01-28 23:01:18.672906]: Engine awake
[2021-01-28 23:01:21.776395]: Session ended.
[2021-01-28 23:01:24.121741]: Session started.
[2021-01-28 23:01:26.751512]: Engine waking...
[2021-01-28 23:02:50.863288]: Session ended.
[2021-01-28 23:02:53.290961]: Session started.
[2021-01-28 23:02:56.156042]: Engine waking...
[2021-01-28 23:03:16.501735]: Session ended.
[2021-01-28 23:03:19.376925]: Session started.
[2021-01-28 23:03:22.006228]: Engine waking...
[2021-01-28 23:04:04.096507]: Engine awake
[2021-01-28 23:04:05.983393]: Session ended.
[2021-01-28 23:04:08.552990]: Session started.
[2021-01-28 23:04:12.634688]: Engine waking...
[2021-01-28 23:09:14.976974]: Engine awake
[2021-01-28 23:09:17.533165]: Session ended.
[2021-01-28 23:09:19.889186]: Session started.
[2021-01-28 23:09:22.575210]: Engine waking...
[2021-01-28 23:11:31.243969]: Session ended.
[2021-01-28 23:11:33.514523]: Session started.
[2021-01-28 23:11:36.038927]: Engine waking...
[2021-01-28 23:12:42.140206]: Session ended.
[2021-01-28 23:12:44.716306]: Session started.
[2021-01-28 23:12:47.321041]: Engine waking...
[2021-01-28 23:13:36.034503]: Engine awake
[2021-01-28 23:13:38.119497]: Session ended.
[2021-01-28 23:13:40.368066]: Session started.
[2021-01-28 23:13:42.816728]: Engine waking...
[2021-01-28 23:14:10.448777]: Engine awake
[2021-01-28 23:14:22.631042]: Session ended.
[2021-01-28 23:14:23.899295]: Session started.
[2021-01-28 23:14:26.658531]: Engine waking...
[2021-01-28 23:15:14.157844]: Session ended.
[2021-01-28 23:15:17.239178]: Session started.
[2021-01-28 23:15:19.897651]: Engine waking...
[2021-01-28 23:15:30.648136]: Engine awake
[2021-01-28 23:15:38.660119]: Session ended.
[2021-01-28 23:15:40.239345]: Session started.
[2021-01-28 23:15:43.351628]: Engine waking...
[2021-01-28 23:26:57.841066]: Session ended.
[2021-01-28 23:28:36.213610]: Session started.
[2021-01-28 23:28:39.283911]: Engine waking...
[2021-01-28 23:29:51.527539]: Engine awake
[2021-01-28 23:29:53.618533]: Session ended.
[2021-01-28 23:29:55.726692]: Session started.
[2021-01-28 23:29:58.463947]: Engine waking...
[2021-01-28 23:30:41.790664]: Engine awake
[2021-01-28 23:30:44.917319]: Session ended.
[2021-01-28 23:34:20.724107]: Session started.
[2021-01-28 23:34:23.354420]: Engine waking...
[2021-01-28 23:34:59.564923]: Session ended.
[2021-01-28 23:35:01.915747]: Session started.
[2021-01-28 23:35:04.386535]: Engine waking...
[2021-01-28 23:37:04.721741]: Session ended.
[2021-01-28 23:37:06.774084]: Session started.
[2021-01-28 23:37:09.110921]: Engine waking...
[2021-01-28 23:37:32.438215]: Session ended.
[2021-01-28 23:37:34.539279]: Session started.
[2021-01-28 23:37:38.031539]: Engine waking...
[2021-01-28 23:38:16.903811]: Session ended.
[2021-01-28 23:38:18.883955]: Session started.
[2021-01-28 23:38:21.525240]: Engine waking...
[2021-01-28 23:40:19.464771]: Engine awake
[2021-01-28 23:40:21.005940]: Session ended.
[2021-01-28 23:40:22.730698]: Session started.
[2021-01-28 23:40:25.530506]: Engine waking...
[2021-01-28 23:40:59.138492]: Session ended.
[2021-01-28 23:41:00.845866]: Session started.
[2021-01-28 23:41:03.496774]: Engine waking...
[2021-01-28 23:42:11.174995]: Session ended.
[2021-01-28 23:42:13.148688]: Session started.
[2021-01-28 23:42:15.830703]: Engine waking...
[2021-01-28 23:43:27.791120]: Engine awake
[2021-01-28 23:43:29.926255]: Session ended.
[2021-01-28 23:45:55.564870]: Session started.
[2021-01-28 23:45:59.879948]: Engine waking...
[2021-01-28 23:48:09.312094]: Engine awake
[2021-01-28 23:48:11.461731]: Session ended.
[2021-01-28 23:48:22.934757]: Session started.
[2021-01-28 23:48:25.556453]: Engine waking...
[2021-01-28 23:51:40.677539]: Engine awake
[2021-01-28 23:51:46.953721]: Session ended.
[2021-01-28 23:53:03.238749]: Session started.
[2021-01-28 23:53:06.033532]: Engine waking...
[2021-01-28 23:54:35.608552]: Engine awake
[2021-01-28 23:54:37.820923]: Session ended.
[2021-01-28 23:54:40.687693]: Session started.
[2021-01-28 23:54:44.120804]: Engine waking...
[2021-01-28 23:55:41.070616]: Session ended.
[2021-01-28 23:55:43.138069]: Session started.
[2021-01-28 23:55:46.344504]: Engine waking...
[2021-01-28 23:56:18.998371]: Session ended.
[2021-01-28 23:56:21.556952]: Session started.
[2021-01-28 23:56:25.007509]: Engine waking...
[2021-01-28 23:56:35.714863]: Session ended.
[2021-01-28 23:56:37.885116]: Session started.
[2021-01-28 23:56:40.371607]: Engine waking...
[2021-01-28 23:59:23.792423]: Engine awake
[2021-01-28 23:59:31.244526]: Session ended.
[2021-01-28 23:59:33.764896]: Session started.
[2021-01-28 23:59:36.242177]: Engine waking...
[2021-01-29 00:00:39.430857]: Session ended.
[2021-01-29 00:00:42.336037]: Session started.
[2021-01-29 00:00:44.789810]: Engine waking...
[2021-01-29 00:01:27.610794]: Session ended.
[2021-01-29 00:01:29.288865]: Session started.
[2021-01-29 00:01:31.837917]: Engine waking...
[2021-01-29 00:02:21.083163]: Session ended.
[2021-01-29 00:02:23.035160]: Session started.
[2021-01-29 00:02:25.528019]: Engine waking...
[2021-01-29 00:04:05.353595]: Engine awake
[2021-01-29 00:04:07.206318]: Session ended.
[2021-01-29 00:04:10.169738]: Session started.
[2021-01-29 00:04:12.471935]: Engine waking...
[2021-01-29 00:04:52.187751]: Session ended.
[2021-01-29 00:04:54.812969]: Session started.
[2021-01-29 00:04:57.547080]: Engine waking...
[2021-01-29 00:05:20.167854]: Session ended.
[2021-01-29 00:05:22.529723]: Session started.
[2021-01-29 00:05:25.327114]: Engine waking...
[2021-01-29 00:05:44.762911]: Session ended.
[2021-01-29 00:05:46.821883]: Session started.
[2021-01-29 00:05:49.197298]: Engine waking...
[2021-01-29 00:06:53.200293]: Engine awake
[2021-01-29 00:06:55.355580]: Session ended.
[2021-01-29 00:06:57.394386]: Session started.
[2021-01-29 00:07:00.240895]: Engine waking...
[2021-01-29 00:09:31.658059]: Engine awake
[2021-01-29 00:09:33.916114]: Session ended.
[2021-01-29 00:09:36.426958]: Session started.
[2021-01-29 00:09:38.926787]: Engine waking...
[2021-01-29 00:22:02.484658]: Session ended.
[2021-01-29 00:22:06.221811]: Session started.
[2021-01-29 00:22:10.879643]: Session ended.
[2021-01-29 00:31:21.792848]: Session started.
[2021-01-29 00:33:42.394406]: Session started.
[2021-01-29 00:33:49.293495]: Session ended.
[2021-01-29 00:33:55.550426]: Session started.
[2021-01-29 00:34:55.149469]: Session started.
[2021-01-29 00:36:20.526419]: Session started.
[2021-01-29 00:37:34.605470]: Session ended.
[2021-01-29 00:37:36.219345]: Session started.
[2021-01-29 00:38:09.121733]: Session ended.
[2021-01-29 00:38:09.935454]: Session started.
[2021-01-29 00:39:46.127037]: Session ended.
[2021-01-29 00:39:48.167865]: Session started.
[2021-01-29 00:40:47.694108]: Session ended.
[2021-01-29 00:40:49.628655]: Session started.
[2021-01-29 00:40:52.778697]: Engine waking...
[2021-01-29 00:40:52.986382]: Engine awake
[2021-01-29 00:40:57.170838]: Session ended.
[2021-01-29 00:41:45.119504]: Session started.
[2021-01-29 00:41:48.045323]: Engine waking...
[2021-01-29 00:42:14.739882]: Engine awake
[2021-01-29 00:42:17.484569]: Session ended.
[2021-01-29 00:42:22.015377]: Session started.
[2021-01-29 00:42:38.836260]: Session ended.
[2021-01-29 00:42:42.633634]: Session started.
[2021-01-29 00:42:45.295559]: Engine waking...
